2023-08-09 14:46:46,792 [INFO] from play.api.http.EnabledFilters in play-dev-mode-akka.actor.default-dispatcher-5 - Enabled Filters (see <https://www.playframework.com/documentation/latest/Filters>):

    play.filters.csrf.CSRFFilter
    play.filters.headers.SecurityHeadersFilter
    play.filters.hosts.AllowedHostsFilter

2023-08-09 14:46:46,796 [INFO] from play.api.Play in play-dev-mode-akka.actor.default-dispatcher-5 - Application started (Dev) (no global state)
2023-08-09 14:46:46,868 [TRACE] from v1.calculate.CalculateActionBuilder in application-akka.actor.default-dispatcher-6 - invokeBlock:
2023-08-09 14:46:46,869 [TRACE] from v1.calculate.CalculateController in application-akka.actor.default-dispatcher-6 - index:
2023-08-09 14:46:46,870 [TRACE] from v1.calculate.CalculateRepositoryImpl in application-repository.dispatcher-7 - list:
2023-08-09 14:46:47,710 [DEBUG] from application.ErrorHandler in application-akka.actor.default-dispatcher-6 - onClientError: statusCode = 404, uri = /favicon.ico, message = 
2023-08-09 14:47:18,698 [TRACE] from v1.calculate.CalculateActionBuilder in application-akka.actor.default-dispatcher-6 - invokeBlock:
2023-08-09 14:47:18,699 [TRACE] from v1.calculate.CalculateController in application-akka.actor.default-dispatcher-6 - show: id = 1
2023-08-09 14:47:18,701 [TRACE] from v1.calculate.CalculateRepositoryImpl in application-repository.dispatcher-8 - get: id = 1
2023-08-09 14:47:23,749 [TRACE] from v1.calculate.CalculateActionBuilder in application-akka.actor.default-dispatcher-6 - invokeBlock:
2023-08-09 14:47:23,749 [TRACE] from v1.calculate.CalculateController in application-akka.actor.default-dispatcher-6 - index:
2023-08-09 14:47:23,750 [TRACE] from v1.calculate.CalculateRepositoryImpl in application-repository.dispatcher-9 - list:
2023-08-09 14:47:31,812 [TRACE] from v1.calculate.CalculateActionBuilder in application-akka.actor.default-dispatcher-6 - invokeBlock:
2023-08-09 14:47:31,812 [TRACE] from v1.calculate.CalculateController in application-akka.actor.default-dispatcher-6 - index:
2023-08-09 14:47:31,813 [TRACE] from v1.calculate.CalculateRepositoryImpl in application-repository.dispatcher-10 - list:
2023-08-09 14:47:42,449 [TRACE] from v1.calculate.CalculateActionBuilder in application-akka.actor.default-dispatcher-7 - invokeBlock:
2023-08-09 14:47:42,450 [TRACE] from v1.calculate.CalculateController in application-akka.actor.default-dispatcher-7 - show: id = 1
2023-08-09 14:47:42,452 [TRACE] from v1.calculate.CalculateRepositoryImpl in application-repository.dispatcher-9 - get: id = 1
2023-08-09 14:47:42,893 [TRACE] from v1.calculate.CalculateActionBuilder in application-akka.actor.default-dispatcher-6 - invokeBlock:
2023-08-09 14:47:42,893 [TRACE] from v1.calculate.CalculateController in application-akka.actor.default-dispatcher-6 - show: id = 1
2023-08-09 14:47:42,894 [TRACE] from v1.calculate.CalculateRepositoryImpl in application-repository.dispatcher-8 - get: id = 1
2023-08-09 14:47:55,868 [TRACE] from v1.calculate.CalculateActionBuilder in application-akka.actor.default-dispatcher-7 - invokeBlock:
2023-08-09 14:47:55,869 [TRACE] from v1.calculate.CalculateController in application-akka.actor.default-dispatcher-7 - index:
2023-08-09 14:47:55,870 [TRACE] from v1.calculate.CalculateRepositoryImpl in application-repository.dispatcher-9 - list:
2023-08-09 14:47:56,371 [TRACE] from v1.calculate.CalculateActionBuilder in application-akka.actor.default-dispatcher-6 - invokeBlock:
2023-08-09 14:47:56,372 [TRACE] from v1.calculate.CalculateController in application-akka.actor.default-dispatcher-6 - index:
2023-08-09 14:47:56,372 [TRACE] from v1.calculate.CalculateRepositoryImpl in application-repository.dispatcher-8 - list:
2023-08-09 14:48:14,652 [TRACE] from v1.calculate.CalculateActionBuilder in application-akka.actor.default-dispatcher-6 - invokeBlock:
2023-08-09 14:48:14,652 [TRACE] from v1.calculate.CalculateController in application-akka.actor.default-dispatcher-6 - show: id = nonsense
2023-08-09 14:48:14,660 [ERROR] from ErrorHandler in application-akka.actor.default-dispatcher-6 - 

! @82fn3ldn1 - Internal server error, for (GET) [/v1/posts/nonsense/] ->
 
play.api.http.HttpErrorHandlerExceptions$$anon$1: Execution exception[[NumberFormatException: For input string: "nonsense"]]
	at play.api.http.HttpErrorHandlerExceptions$.$anonfun$convertToPlayException$2(HttpErrorHandler.scala:381)
	at scala.Option.map(Option.scala:242)
	at play.api.http.HttpErrorHandlerExceptions$.convertToPlayException(HttpErrorHandler.scala:380)
	at play.api.http.HttpErrorHandlerExceptions$.throwableToUsefulException(HttpErrorHandler.scala:373)
	at play.api.http.DefaultHttpErrorHandler.onServerError(HttpErrorHandler.scala:264)
	at play.core.server.AkkaHttpServer$$anonfun$2.applyOrElse(AkkaHttpServer.scala:441)
	at play.core.server.AkkaHttpServer$$anonfun$2.applyOrElse(AkkaHttpServer.scala:433)
	at scala.concurrent.impl.Promise$Transformation.run(Promise.scala:490)
	at akka.dispatch.BatchingExecutor$AbstractBatch.processBatch(BatchingExecutor.scala:63)
	at akka.dispatch.BatchingExecutor$BlockableBatch.$anonfun$run$1(BatchingExecutor.scala:100)
	at scala.runtime.java8.JFunction0$mcV$sp.apply(JFunction0$mcV$sp.scala:18)
	at scala.concurrent.BlockContext$.withBlockContext(BlockContext.scala:94)
	at akka.dispatch.BatchingExecutor$BlockableBatch.run(BatchingExecutor.scala:100)
	at akka.dispatch.TaskInvocation.run(AbstractDispatcher.scala:49)
	at akka.dispatch.ForkJoinExecutorConfigurator$AkkaForkJoinTask.exec(ForkJoinExecutorConfigurator.scala:48)
	at java.base/java.util.concurrent.ForkJoinTask.doExec(ForkJoinTask.java:290)
	at java.base/java.util.concurrent.ForkJoinPool$WorkQueue.topLevelExec(ForkJoinPool.java:1020)
	at java.base/java.util.concurrent.ForkJoinPool.scan(ForkJoinPool.java:1656)
	at java.base/java.util.concurrent.ForkJoinPool.runWorker(ForkJoinPool.java:1594)
	at java.base/java.util.concurrent.ForkJoinWorkerThread.run(ForkJoinWorkerThread.java:183)
Caused by: java.lang.NumberFormatException: For input string: "nonsense"
	at java.base/java.lang.NumberFormatException.forInputString(NumberFormatException.java:65)
	at java.base/java.lang.Integer.parseInt(Integer.java:652)
	at java.base/java.lang.Integer.parseInt(Integer.java:770)
	at v1.calculate.PostId$.apply(PostRepository.scala:20)
	at v1.calculate.CalculateResourceHandler.lookup(PostResourceHandler.scala:41)
	at v1.calculate.CalculateController.$anonfun$show$1(PostController.scala:48)
	at v1.calculate.CalculateActionBuilder.invokeBlock(PostActionBuilder.scala:78)
	at v1.calculate.CalculateActionBuilder.invokeBlock(PostActionBuilder.scala:54)
	at play.api.mvc.ActionBuilder$$anon$9.apply(Action.scala:379)
	at play.api.mvc.Action.$anonfun$apply$4(Action.scala:82)
	at scala.concurrent.impl.Promise$Transformation.run(Promise.scala:470)
	... 12 common frames omitted
2023-08-09 14:49:14,578 [INFO] from play.api.internal.libs.concurrent.CoordinatedShutdownSupport in pool-8-thread-2 - Starting synchronous coordinated shutdown with ServerStoppedReason reason and 35000 milliseconds timeout
2023-08-09 14:49:14,579 [INFO] from play.core.server.AkkaHttpServer in pool-8-thread-2 - Stopping Akka HTTP server...
2023-08-09 14:49:14,583 [INFO] from play.core.server.AkkaHttpServer in play-dev-mode-akka.actor.internal-dispatcher-3 - Terminating server binding for /0:0:0:0:0:0:0:0:9000
2023-08-09 14:49:14,615 [INFO] from play.core.server.AkkaHttpServer in play-dev-mode-akka.actor.internal-dispatcher-15 - Running provided shutdown stop hooks
